TN:
SF:src\babel.config.js
FNF:0
FNH:0
DA:1,0
LF:1
LH:0
BRF:0
BRH:0
end_of_record
TN:
SF:src\Context\filtersCtx.js
FN:5,(anonymous_0)
FN:13,(anonymous_1)
FNF:2
FNH:2
FNDA:3,(anonymous_0)
FNDA:4,(anonymous_1)
DA:3,3
DA:5,3
DA:6,3
DA:7,3
DA:8,0
DA:10,3
DA:13,3
DA:14,4
DA:19,4
LF:9
LH:8
BRDA:7,0,0,0
BRDA:7,0,1,3
BRF:2
BRH:1
end_of_record
TN:
SF:src\Context\mealReducer.js
FN:14,(anonymous_0)
FNF:1
FNH:0
FNDA:0,(anonymous_0)
DA:1,3
DA:7,3
DA:14,3
DA:15,0
DA:17,0
DA:19,0
DA:21,0
DA:23,0
DA:25,0
LF:9
LH:3
BRDA:15,0,0,0
BRDA:15,0,1,0
BRDA:15,0,2,0
BRDA:15,0,3,0
BRDA:15,0,4,0
BRF:5
BRH:0
end_of_record
TN:
SF:src\Context\mealctx.js
FN:7,UseMealContext
FN:15,UseMealDispatch
FN:23,MealProvider
FNF:3
FNH:0
FNDA:0,UseMealContext
FNDA:0,UseMealDispatch
FNDA:0,MealProvider
DA:4,1
DA:5,1
DA:8,0
DA:9,0
DA:10,0
DA:12,0
DA:16,0
DA:17,0
DA:18,0
DA:20,0
DA:24,0
DA:25,0
LF:12
LH:2
BRDA:9,0,0,0
BRDA:9,0,1,0
BRDA:17,1,0,0
BRDA:17,1,1,0
BRF:4
BRH:0
end_of_record
TN:
SF:src\Mocks\meal.js
FNF:0
FNH:0
DA:1,3
LF:1
LH:1
BRF:0
BRH:0
end_of_record
TN:
SF:src\components\SearchBox\index.js
FN:6,(anonymous_0)
FNF:1
FNH:1
FNDA:2,(anonymous_0)
DA:6,2
DA:7,2
LF:2
LH:2
BRF:0
BRH:0
end_of_record
TN:
SF:src\pages\MealDetail\index.js
FN:7,(anonymous_0)
FN:12,(anonymous_1)
FN:13,(anonymous_2)
FNF:3
FNH:3
FNDA:8,(anonymous_0)
FNDA:4,(anonymous_1)
FNDA:4,(anonymous_2)
DA:7,1
DA:8,8
DA:9,7
DA:10,7
DA:12,7
DA:13,4
DA:14,4
DA:15,4
DA:16,4
DA:18,0
DA:20,4
DA:23,4
DA:26,7
LF:13
LH:12
BRDA:31,0,0,7
BRDA:31,0,1,4
BRDA:32,1,0,7
BRDA:32,1,1,3
BRDA:32,1,2,2
BRDA:43,2,0,7
BRDA:43,2,1,3
BRDA:43,2,2,1
BRF:8
BRH:8
end_of_record
TN:
SF:src\pages\MealList\index.js
FN:9,(anonymous_0)
FN:20,(anonymous_1)
FNF:2
FNH:0
FNDA:0,(anonymous_0)
FNDA:0,(anonymous_1)
DA:9,1
DA:10,0
DA:11,0
DA:12,0
DA:13,0
DA:15,0
DA:21,0
LF:7
LH:1
BRDA:18,0,0,0
BRDA:18,0,1,0
BRDA:20,1,0,0
BRDA:20,1,1,0
BRF:4
BRH:0
end_of_record
TN:
SF:src\services\mealtService.js
FN:2,(anonymous_0)
FN:8,(anonymous_1)
FN:14,(anonymous_2)
FNF:3
FNH:0
FNDA:0,(anonymous_0)
FNDA:0,(anonymous_1)
FNDA:0,(anonymous_2)
DA:2,2
DA:3,0
DA:4,0
DA:5,0
DA:8,2
DA:9,0
DA:10,0
DA:11,0
DA:14,2
DA:15,0
DA:16,0
DA:17,0
LF:12
LH:3
BRDA:14,0,0,0
BRF:1
BRH:0
end_of_record
